2026-03-24 14:10:43 [INFO] 2023-01-01 是周末，跳过
2026-03-24 14:10:43 [INFO] =================================================================
2026-03-24 14:10:43 [INFO]   东方财富期货持仓  |  2023-01-02
2026-03-24 14:10:43 [INFO] =================================================================
2026-03-24 14:10:43 [INFO] 获取活跃合约列表 (RPT_FUTU_POSITIONCODE)...
2026-03-24 14:10:44 [INFO]   → 共 278 个合约（主力 74 个）
2026-03-24 14:10:44 [INFO] 待处理合约: 3 个
2026-03-24 14:10:58 [INFO] =================================================================
2026-03-24 14:10:58 [INFO]   完成 | 成功:0  失败:3  合约:3
2026-03-24 14:10:58 [INFO] =================================================================

2026-03-24 14:10:58 [INFO] =================================================================
2026-03-24 14:10:58 [INFO]   东方财富期货持仓  |  2023-01-03
2026-03-24 14:10:58 [INFO] =================================================================
2026-03-24 14:10:58 [INFO] 获取活跃合约列表 (RPT_FUTU_POSITIONCODE)...
2026-03-24 14:11:00 [INFO]   → 共 278 个合约（主力 74 个）
2026-03-24 14:11:00 [INFO] 待处理合约: 3 个
2026-03-24 14:11:21 [INFO] =================================================================
2026-03-24 14:11:21 [INFO]   完成 | 成功:0  失败:3  合约:3
2026-03-24 14:11:21 [INFO] =================================================================

2026-03-24 14:11:21 [INFO] =================================================================
2026-03-24 14:11:21 [INFO]   东方财富期货持仓  |  2023-01-04
2026-03-24 14:11:21 [INFO] =================================================================
2026-03-24 14:11:21 [INFO] 获取活跃合约列表 (RPT_FUTU_POSITIONCODE)...
2026-03-24 14:11:22 [INFO]   → 共 278 个合约（主力 74 个）
2026-03-24 14:11:22 [INFO] 待处理合约: 3 个
2026-03-24 14:11:37 [INFO] =================================================================
2026-03-24 14:11:37 [INFO]   完成 | 成功:0  失败:3  合约:3
2026-03-24 14:11:37 [INFO] =================================================================

2026-03-24 14:11:37 [INFO] =================================================================
2026-03-24 14:11:37 [INFO]   东方财富期货持仓  |  2023-01-05
2026-03-24 14:11:37 [INFO] =================================================================
2026-03-24 14:11:37 [INFO] 获取活跃合约列表 (RPT_FUTU_POSITIONCODE)...
2026-03-24 14:11:39 [INFO]   → 共 278 个合约（主力 74 个）
2026-03-24 14:11:39 [INFO] 待处理合约: 3 个
2026-03-24 14:16:01 [INFO] 2023-01-01 是周末，跳过
2026-03-24 14:16:01 [INFO] =================================================================
2026-03-24 14:16:01 [INFO]   东方财富期货持仓  |  2023-01-02
2026-03-24 14:16:01 [INFO] =================================================================
2026-03-24 14:16:01 [INFO] 获取活跃合约列表 (RPT_FUTU_POSITIONCODE)...
2026-03-24 14:16:34 [INFO]   → 共 278 个合约（主力 74 个）
2026-03-24 14:16:34 [INFO] 待处理合约: 3 个
2026-03-24 14:16:55 [INFO] =================================================================
2026-03-24 14:16:55 [INFO]   完成 | 成功:0  失败:3  合约:3
2026-03-24 14:16:55 [INFO] =================================================================

2026-03-24 14:16:55 [INFO] =================================================================
2026-03-24 14:16:55 [INFO]   东方财富期货持仓  |  2023-01-03
2026-03-24 14:16:55 [INFO] =================================================================
2026-03-24 14:16:55 [INFO] 获取活跃合约列表 (RPT_FUTU_POSITIONCODE)...
2026-03-24 14:17:05 [INFO]   → 共 278 个合约（主力 74 个）
2026-03-24 14:17:05 [INFO] 待处理合约: 3 个
2026-03-24 14:17:22 [INFO] =================================================================
2026-03-24 14:17:22 [INFO]   完成 | 成功:0  失败:3  合约:3
2026-03-24 14:17:22 [INFO] =================================================================

2026-03-24 14:17:22 [INFO] =================================================================
2026-03-24 14:17:22 [INFO]   东方财富期货持仓  |  2023-01-04
2026-03-24 14:17:22 [INFO] =================================================================
2026-03-24 14:17:22 [INFO] 获取活跃合约列表 (RPT_FUTU_POSITIONCODE)...
2026-03-24 14:17:23 [INFO]   → 共 278 个合约（主力 74 个）
2026-03-24 14:17:23 [INFO] 待处理合约: 3 个
2026-03-24 14:20:14,086 [INFO] 2023-01-01 周末跳过
2026-03-24 14:22:30,810 [INFO] 2023-01-01 周末跳过
2026-03-24 14:23:33,421 [WARNING] 无合约数据
2026-03-24 14:23:35,836 [ERROR] API错误: {'version': None, 'result': None, 'success': False, 'message': 'SECURITY_NAME返回字段不存在', 'code': 9501}
2026-03-24 14:23:37,097 [ERROR] API错误: {'version': None, 'result': None, 'success': False, 'message': 'SECURITY_NAME返回字段不存在', 'code': 9501}
2026-03-24 14:23:38,268 [ERROR] API错误: {'version': None, 'result': None, 'success': False, 'message': 'SECURITY_NAME返回字段不存在', 'code': 9501}
2026-03-24 14:23:38,569 [WARNING] IF2606 ❌
